<?xml version="1.0" encoding="UTF-8"?>
<!-- Generated by org.testng.reporters.JUnitReportReporter -->
<testsuite hostname="LAPTOP-LD0UQO0J" failures="0" tests="1" name="restapi.LMSPrograms.AddAProgram" time="5.058" errors="0" timestamp="09 Oct 2021 01:34:08 GMT" skipped="0">
  <testcase classname="restapi.LMSPrograms.AddAProgram" name="AddProgram" time="5.058"/>
</testsuite> <!-- restapi.LMSPrograms.AddAProgram -->
