<?xml version="1.0" encoding="UTF-8"?>
<!-- Generated by org.testng.reporters.JUnitReportReporter -->
<testsuite hostname="LAPTOP-LD0UQO0J" failures="0" tests="1" name="restapi.LMSPrograms.GetAProgram" time="3.911" errors="0" timestamp="09 Oct 2021 01:38:19 GMT" skipped="0">
  <testcase classname="restapi.LMSPrograms.GetAProgram" name="GetProgramsList" time="3.911"/>
</testsuite> <!-- restapi.LMSPrograms.GetAProgram -->
