<?xml version="1.0" encoding="UTF-8"?>
<!-- Generated by org.testng.reporters.JUnitReportReporter -->
<testsuite hostname="LAPTOP-LD0UQO0J" failures="0" tests="1" name="restapi.LMSPrograms.BasicAuthTest" time="3.490" errors="0" timestamp="04 Oct 2021 16:31:08 GMT" skipped="0">
  <testcase classname="restapi.LMSPrograms.BasicAuthTest" name="GetBasicAuth" time="3.490"/>
</testsuite> <!-- restapi.LMSPrograms.BasicAuthTest -->
