<?xml version="1.0" encoding="UTF-8"?>
<!-- Generated by org.testng.reporters.JUnitReportReporter -->
<testsuite hostname="LAPTOP-LD0UQO0J" failures="0" tests="1" name="restapi.LMSPrograms.GetAllPrograms" time="3.921" errors="0" timestamp="04 Oct 2021 17:47:25 GMT" skipped="0">
  <testcase classname="restapi.LMSPrograms.GetAllPrograms" name="GetProgramsList" time="3.921"/>
</testsuite> <!-- restapi.LMSPrograms.GetAllPrograms -->
