<?xml version="1.0" encoding="UTF-8"?>
<!-- Generated by org.testng.reporters.JUnitReportReporter -->
<testsuite hostname="LAPTOP-LD0UQO0J" failures="0" tests="1" name="restapi.LMSPrograms.DeleteProgram" time="4.025" errors="0" timestamp="09 Oct 2021 02:45:28 GMT" skipped="0">
  <testcase classname="restapi.LMSPrograms.DeleteProgram" name="DeleteAProgram" time="4.025"/>
</testsuite> <!-- restapi.LMSPrograms.DeleteProgram -->
