<?xml version="1.0" encoding="UTF-8"?>
<!-- Generated by org.testng.reporters.JUnitReportReporter -->
<testsuite hostname="LAPTOP-LD0UQO0J" failures="0" tests="1" name="restapi.LMSPrograms.PutProgram" time="4.300" errors="0" timestamp="09 Oct 2021 02:27:50 GMT" skipped="0">
  <testcase classname="restapi.LMSPrograms.PutProgram" name="UpdateProgram" time="4.300"/>
</testsuite> <!-- restapi.LMSPrograms.PutProgram -->
