<?xml version="1.0" encoding="UTF-8"?>
<!-- Generated by org.testng.reporters.JUnitReportReporter -->
<testsuite hostname="LAPTOP-LD0UQO0J" failures="0" tests="1" name="test.Test99GuruLoginWithPageFactory" time="1.180" errors="0" timestamp="02 Sep 2021 17:08:06 GMT" skipped="0">
  <testcase classname="test.Test99GuruLoginWithPageFactory" name="test_Home_Page_Appear_Correct" time="1.180"/>
</testsuite> <!-- test.Test99GuruLoginWithPageFactory -->
